2020-01-29 17:42:44 [restartedMain] INFO  c.b.gdicsms.GdicSmsApplication - Starting GdicSmsApplication on DESKTOP-3IAH1IJ with PID 6304 (E:\project\gdic-sms\bin\main started by Office in E:\project\gdic-sms)
2020-01-29 17:42:44 [restartedMain] INFO  c.b.gdicsms.GdicSmsApplication - No active profile set, falling back to default profiles: default
2020-01-29 17:42:44 [restartedMain] INFO  o.s.b.w.e.tomcat.TomcatWebServer - Tomcat initialized with port(s): 8080 (http)
2020-01-29 17:42:44 [restartedMain] INFO  o.a.catalina.core.StandardService - Starting service [Tomcat]
2020-01-29 17:42:44 [restartedMain] INFO  o.a.catalina.core.StandardEngine - Starting Servlet engine: [Apache Tomcat/9.0.30]
2020-01-29 17:42:44 [restartedMain] INFO  o.a.c.c.C.[Tomcat].[localhost].[/] - Initializing Spring embedded WebApplicationContext
2020-01-29 17:42:44 [restartedMain] INFO  o.s.web.context.ContextLoader - Root WebApplicationContext: initialization completed in 384 ms
2020-01-29 17:42:44 [restartedMain] INFO  o.s.s.web.DefaultSecurityFilterChain - Creating filter chain: any request, [org.springframework.security.web.context.request.async.WebAsyncManagerIntegrationFilter@12a65bc, org.springframework.security.web.context.SecurityContextPersistenceFilter@5e5e7535, org.springframework.security.web.header.HeaderWriterFilter@53f184b2, org.springframework.security.web.authentication.logout.LogoutFilter@3117c0da, com.biznovelty.gdicsms.filter.JwtRequestFilter@35c46be4, org.springframework.security.web.savedrequest.RequestCacheAwareFilter@7a7580b8, org.springframework.security.web.servletapi.SecurityContextHolderAwareRequestFilter@25fe4f50, org.springframework.security.web.authentication.AnonymousAuthenticationFilter@4a432908, org.springframework.security.web.session.SessionManagementFilter@7749d87c, org.springframework.security.web.access.ExceptionTranslationFilter@16465927, org.springframework.security.web.access.intercept.FilterSecurityInterceptor@246671b0]
2020-01-29 17:42:44 [restartedMain] INFO  o.s.b.d.a.OptionalLiveReloadServer - LiveReload server is running on port 35729
2020-01-29 17:42:44 [restartedMain] INFO  o.s.b.w.e.tomcat.TomcatWebServer - Tomcat started on port(s): 8080 (http) with context path ''
2020-01-29 17:42:44 [restartedMain] INFO  c.b.gdicsms.GdicSmsApplication - Started GdicSmsApplication in 0.529 seconds (JVM running for 3064.1)
2020-01-29 17:42:44 [restartedMain] INFO  o.s.b.d.a.ConditionEvaluationDeltaLoggingListener - Condition evaluation unchanged
2020-01-29 17:43:00 [http-nio-8080-exec-2] INFO  o.a.c.c.C.[Tomcat].[localhost].[/] - Initializing Spring DispatcherServlet 'dispatcherServlet'
2020-01-29 17:43:00 [http-nio-8080-exec-2] INFO  o.s.web.servlet.DispatcherServlet - Initializing Servlet 'dispatcherServlet'
2020-01-29 17:43:00 [http-nio-8080-exec-2] INFO  o.s.web.servlet.DispatcherServlet - Completed initialization in 4 ms
2020-01-29 17:43:00 [http-nio-8080-exec-2] INFO  c.b.gdicsms.smsresource.SmsResource - eyJhbGciOiJIUzI1NiJ9.eyJzdWIiOiJnZGljIiwiaWF0IjoxNTgwMjk4MTgwLCJleHAiOjE1ODAyOTg3ODB9.0rA9goSxf_ox_51vhvI6DSpcN_doISh5lBv9jdFHKIA
2020-01-29 17:43:18 [restartedMain] INFO  c.b.gdicsms.GdicSmsApplication - Starting GdicSmsApplication on DESKTOP-3IAH1IJ with PID 6304 (E:\project\gdic-sms\bin\main started by Office in E:\project\gdic-sms)
2020-01-29 17:43:18 [restartedMain] INFO  c.b.gdicsms.GdicSmsApplication - No active profile set, falling back to default profiles: default
2020-01-29 17:43:18 [restartedMain] INFO  o.s.b.w.e.tomcat.TomcatWebServer - Tomcat initialized with port(s): 8080 (http)
2020-01-29 17:43:18 [restartedMain] INFO  o.a.catalina.core.StandardService - Starting service [Tomcat]
2020-01-29 17:43:18 [restartedMain] INFO  o.a.catalina.core.StandardEngine - Starting Servlet engine: [Apache Tomcat/9.0.30]
2020-01-29 17:43:18 [restartedMain] INFO  o.a.c.c.C.[Tomcat].[localhost].[/] - Initializing Spring embedded WebApplicationContext
2020-01-29 17:43:18 [restartedMain] INFO  o.s.web.context.ContextLoader - Root WebApplicationContext: initialization completed in 151 ms
2020-01-29 17:43:18 [restartedMain] INFO  o.s.s.web.DefaultSecurityFilterChain - Creating filter chain: any request, [org.springframework.security.web.context.request.async.WebAsyncManagerIntegrationFilter@131beac2, org.springframework.security.web.context.SecurityContextPersistenceFilter@78683c0c, org.springframework.security.web.header.HeaderWriterFilter@79a021ec, org.springframework.security.web.authentication.logout.LogoutFilter@235d019f, com.biznovelty.gdicsms.filter.JwtRequestFilter@693d01fb, org.springframework.security.web.savedrequest.RequestCacheAwareFilter@40656cde, org.springframework.security.web.servletapi.SecurityContextHolderAwareRequestFilter@38329a7f, org.springframework.security.web.authentication.AnonymousAuthenticationFilter@6fac11e5, org.springframework.security.web.session.SessionManagementFilter@304247cc, org.springframework.security.web.access.ExceptionTranslationFilter@1aa44235, org.springframework.security.web.access.intercept.FilterSecurityInterceptor@37c2e96f]
2020-01-29 17:43:18 [restartedMain] INFO  o.s.b.d.a.OptionalLiveReloadServer - LiveReload server is running on port 35729
2020-01-29 17:43:18 [restartedMain] INFO  o.s.b.w.e.tomcat.TomcatWebServer - Tomcat started on port(s): 8080 (http) with context path ''
2020-01-29 17:43:18 [restartedMain] INFO  c.b.gdicsms.GdicSmsApplication - Started GdicSmsApplication in 0.254 seconds (JVM running for 3098.163)
2020-01-29 17:43:18 [restartedMain] INFO  o.s.b.d.a.ConditionEvaluationDeltaLoggingListener - Condition evaluation unchanged
2020-01-29 17:43:34 [http-nio-8080-exec-2] INFO  o.a.c.c.C.[Tomcat].[localhost].[/] - Initializing Spring DispatcherServlet 'dispatcherServlet'
2020-01-29 17:43:34 [http-nio-8080-exec-2] INFO  o.s.web.servlet.DispatcherServlet - Initializing Servlet 'dispatcherServlet'
2020-01-29 17:43:34 [http-nio-8080-exec-2] INFO  o.s.web.servlet.DispatcherServlet - Completed initialization in 1 ms
2020-01-29 17:43:34 [http-nio-8080-exec-2] INFO  c.b.gdicsms.smsresource.SmsResource - eyJhbGciOiJIUzI1NiJ9.eyJzdWIiOiJnZGljIiwiaWF0IjoxNTgwMjk4MjE0LCJleHAiOjE1ODAyOTg4MTR9.hPyE6j13wcvW_jrjcFP3BsLoPdJYZg96vh3ViYKI2rY
2020-01-29 17:44:06 [restartedMain] INFO  c.b.gdicsms.GdicSmsApplication - Starting GdicSmsApplication on DESKTOP-3IAH1IJ with PID 6304 (E:\project\gdic-sms\bin\main started by Office in E:\project\gdic-sms)
2020-01-29 17:44:06 [restartedMain] INFO  c.b.gdicsms.GdicSmsApplication - No active profile set, falling back to default profiles: default
2020-01-29 17:44:06 [restartedMain] INFO  o.s.b.w.e.tomcat.TomcatWebServer - Tomcat initialized with port(s): 8080 (http)
2020-01-29 17:44:06 [restartedMain] INFO  o.a.catalina.core.StandardService - Starting service [Tomcat]
2020-01-29 17:44:06 [restartedMain] INFO  o.a.catalina.core.StandardEngine - Starting Servlet engine: [Apache Tomcat/9.0.30]
2020-01-29 17:44:06 [restartedMain] INFO  o.a.c.c.C.[Tomcat].[localhost].[/] - Initializing Spring embedded WebApplicationContext
2020-01-29 17:44:06 [restartedMain] INFO  o.s.web.context.ContextLoader - Root WebApplicationContext: initialization completed in 238 ms
2020-01-29 17:44:06 [restartedMain] INFO  o.s.s.web.DefaultSecurityFilterChain - Creating filter chain: any request, [org.springframework.security.web.context.request.async.WebAsyncManagerIntegrationFilter@60b07b75, org.springframework.security.web.context.SecurityContextPersistenceFilter@2a50f429, org.springframework.security.web.header.HeaderWriterFilter@19fcaf20, org.springframework.security.web.authentication.logout.LogoutFilter@4683ce65, com.biznovelty.gdicsms.filter.JwtRequestFilter@5496bedd, org.springframework.security.web.savedrequest.RequestCacheAwareFilter@532cf509, org.springframework.security.web.servletapi.SecurityContextHolderAwareRequestFilter@2f55c5e3, org.springframework.security.web.authentication.AnonymousAuthenticationFilter@252bf4f3, org.springframework.security.web.session.SessionManagementFilter@304e9002, org.springframework.security.web.access.ExceptionTranslationFilter@2f4ad9eb, org.springframework.security.web.access.intercept.FilterSecurityInterceptor@517a043d]
2020-01-29 17:44:06 [restartedMain] INFO  o.s.b.d.a.OptionalLiveReloadServer - LiveReload server is running on port 35729
2020-01-29 17:44:06 [restartedMain] INFO  o.s.b.w.e.tomcat.TomcatWebServer - Tomcat started on port(s): 8080 (http) with context path ''
2020-01-29 17:44:06 [restartedMain] INFO  c.b.gdicsms.GdicSmsApplication - Started GdicSmsApplication in 0.321 seconds (JVM running for 3146.333)
2020-01-29 17:44:06 [restartedMain] INFO  o.s.b.d.a.ConditionEvaluationDeltaLoggingListener - Condition evaluation unchanged
2020-01-29 17:44:18 [restartedMain] INFO  c.b.gdicsms.GdicSmsApplication - Starting GdicSmsApplication on DESKTOP-3IAH1IJ with PID 6304 (E:\project\gdic-sms\bin\main started by Office in E:\project\gdic-sms)
2020-01-29 17:44:18 [restartedMain] INFO  c.b.gdicsms.GdicSmsApplication - No active profile set, falling back to default profiles: default
2020-01-29 17:44:18 [restartedMain] INFO  o.s.b.w.e.tomcat.TomcatWebServer - Tomcat initialized with port(s): 8080 (http)
2020-01-29 17:44:18 [restartedMain] INFO  o.a.catalina.core.StandardService - Starting service [Tomcat]
2020-01-29 17:44:18 [restartedMain] INFO  o.a.catalina.core.StandardEngine - Starting Servlet engine: [Apache Tomcat/9.0.30]
2020-01-29 17:44:18 [restartedMain] INFO  o.a.c.c.C.[Tomcat].[localhost].[/] - Initializing Spring embedded WebApplicationContext
2020-01-29 17:44:18 [restartedMain] INFO  o.s.web.context.ContextLoader - Root WebApplicationContext: initialization completed in 130 ms
2020-01-29 17:44:18 [restartedMain] INFO  o.s.s.web.DefaultSecurityFilterChain - Creating filter chain: any request, [org.springframework.security.web.context.request.async.WebAsyncManagerIntegrationFilter@1518435f, org.springframework.security.web.context.SecurityContextPersistenceFilter@714e2c36, org.springframework.security.web.header.HeaderWriterFilter@478cdea3, org.springframework.security.web.authentication.logout.LogoutFilter@401ad7a7, com.biznovelty.gdicsms.filter.JwtRequestFilter@7039635a, org.springframework.security.web.savedrequest.RequestCacheAwareFilter@41d0b9f1, org.springframework.security.web.servletapi.SecurityContextHolderAwareRequestFilter@60081eae, org.springframework.security.web.authentication.AnonymousAuthenticationFilter@4e59cc6b, org.springframework.security.web.session.SessionManagementFilter@3a434bc7, org.springframework.security.web.access.ExceptionTranslationFilter@33407dcb, org.springframework.security.web.access.intercept.FilterSecurityInterceptor@5252d63b]
2020-01-29 17:44:18 [restartedMain] INFO  o.s.b.d.a.OptionalLiveReloadServer - LiveReload server is running on port 35729
2020-01-29 17:44:18 [restartedMain] INFO  o.s.b.w.e.tomcat.TomcatWebServer - Tomcat started on port(s): 8080 (http) with context path ''
2020-01-29 17:44:18 [restartedMain] INFO  c.b.gdicsms.GdicSmsApplication - Started GdicSmsApplication in 0.211 seconds (JVM running for 3158.131)
2020-01-29 17:44:18 [restartedMain] INFO  o.s.b.d.a.ConditionEvaluationDeltaLoggingListener - Condition evaluation unchanged
2020-01-29 17:51:12 [restartedMain] INFO  c.b.gdicsms.GdicSmsApplication - Starting GdicSmsApplication on DESKTOP-3IAH1IJ with PID 6304 (E:\project\gdic-sms\bin\main started by Office in E:\project\gdic-sms)
2020-01-29 17:51:12 [restartedMain] INFO  c.b.gdicsms.GdicSmsApplication - No active profile set, falling back to default profiles: default
2020-01-29 17:51:12 [restartedMain] INFO  o.s.b.w.e.tomcat.TomcatWebServer - Tomcat initialized with port(s): 8080 (http)
2020-01-29 17:51:12 [restartedMain] INFO  o.a.catalina.core.StandardService - Starting service [Tomcat]
2020-01-29 17:51:12 [restartedMain] INFO  o.a.catalina.core.StandardEngine - Starting Servlet engine: [Apache Tomcat/9.0.30]
2020-01-29 17:51:12 [restartedMain] INFO  o.a.c.c.C.[Tomcat].[localhost].[/] - Initializing Spring embedded WebApplicationContext
2020-01-29 17:51:12 [restartedMain] INFO  o.s.web.context.ContextLoader - Root WebApplicationContext: initialization completed in 175 ms
2020-01-29 17:51:13 [restartedMain] INFO  o.s.s.web.DefaultSecurityFilterChain - Creating filter chain: any request, [org.springframework.security.web.context.request.async.WebAsyncManagerIntegrationFilter@70895ea0, org.springframework.security.web.context.SecurityContextPersistenceFilter@2fc02198, org.springframework.security.web.header.HeaderWriterFilter@c3ac107, org.springframework.security.web.authentication.logout.LogoutFilter@4c1613af, com.biznovelty.gdicsms.filter.JwtRequestFilter@123c3230, org.springframework.security.web.savedrequest.RequestCacheAwareFilter@683f53, org.springframework.security.web.servletapi.SecurityContextHolderAwareRequestFilter@5a00f4a0, org.springframework.security.web.authentication.AnonymousAuthenticationFilter@10cd535e, org.springframework.security.web.session.SessionManagementFilter@220349f9, org.springframework.security.web.access.ExceptionTranslationFilter@18a6f43f, org.springframework.security.web.access.intercept.FilterSecurityInterceptor@4b76542c]
2020-01-29 17:51:13 [restartedMain] INFO  o.s.b.d.a.OptionalLiveReloadServer - LiveReload server is running on port 35729
2020-01-29 17:51:13 [restartedMain] INFO  o.s.b.w.e.tomcat.TomcatWebServer - Tomcat started on port(s): 8080 (http) with context path ''
2020-01-29 17:51:13 [restartedMain] INFO  c.b.gdicsms.GdicSmsApplication - Started GdicSmsApplication in 0.264 seconds (JVM running for 3572.597)
2020-01-29 17:51:13 [restartedMain] INFO  o.s.b.d.a.ConditionEvaluationDeltaLoggingListener - Condition evaluation unchanged
2020-01-29 18:01:46 [http-nio-8080-exec-1] INFO  o.a.c.c.C.[Tomcat].[localhost].[/] - Initializing Spring DispatcherServlet 'dispatcherServlet'
2020-01-29 18:01:46 [http-nio-8080-exec-1] INFO  o.s.web.servlet.DispatcherServlet - Initializing Servlet 'dispatcherServlet'
2020-01-29 18:01:46 [http-nio-8080-exec-1] INFO  o.s.web.servlet.DispatcherServlet - Completed initialization in 2 ms
2020-01-29 18:01:46 [http-nio-8080-exec-1] INFO  c.b.gdicsms.smsresource.SmsResource - eyJhbGciOiJIUzI1NiJ9.eyJzdWIiOiJnZGljIiwiaWF0IjoxNTgwMjk5MzA2LCJleHAiOjE1ODAyOTk5MDZ9.9WQCSBpC7raq2M7Zzfyt_z7roZrM8qfN8Y5S_ofSxXY
2020-01-29 18:02:33 [http-nio-8080-exec-9] INFO  c.b.gdicsms.smsresource.SmsResource - eyJhbGciOiJIUzI1NiJ9.eyJzdWIiOiJnZGljIiwiaWF0IjoxNTgwMjk5MzUzLCJleHAiOjE1ODAyOTk5NTN9.Ve2nAe7HUrNo8TcHN-PzS3vjGRkr5MCKyIc-V8r500g
2020-01-29 18:02:52 [http-nio-8080-exec-6] INFO  c.b.gdicsms.GdicSmsApplication - SmsResponse [username=null, password=null, action=null, timestamp=null, url=null, receipient=null, message=null, status=failure]
2020-01-29 18:03:10 [http-nio-8080-exec-2] INFO  c.b.gdicsms.GdicSmsApplication - SmsResponse [username=null, password=null, action=null, timestamp=null, url=null, receipient=null, message=null, status=failure]
2020-01-29 18:03:38 [http-nio-8080-exec-7] INFO  c.b.gdicsms.GdicSmsApplication - SmsResponse [username=null, password=null, action=null, timestamp=null, url=null, receipient=null, message=null, status=failure]
2020-01-29 18:16:04 [restartedMain] INFO  c.b.gdicsms.GdicSmsApplication - Starting GdicSmsApplication on DESKTOP-3IAH1IJ with PID 6304 (E:\project\gdic-sms\bin\main started by Office in E:\project\gdic-sms)
2020-01-29 18:16:04 [restartedMain] INFO  c.b.gdicsms.GdicSmsApplication - No active profile set, falling back to default profiles: default
2020-01-29 18:16:04 [restartedMain] INFO  o.s.b.w.e.tomcat.TomcatWebServer - Tomcat initialized with port(s): 8080 (http)
2020-01-29 18:16:04 [restartedMain] INFO  o.a.catalina.core.StandardService - Starting service [Tomcat]
2020-01-29 18:16:04 [restartedMain] INFO  o.a.catalina.core.StandardEngine - Starting Servlet engine: [Apache Tomcat/9.0.30]
2020-01-29 18:16:04 [restartedMain] INFO  o.a.c.c.C.[Tomcat].[localhost].[/] - Initializing Spring embedded WebApplicationContext
2020-01-29 18:16:04 [restartedMain] INFO  o.s.web.context.ContextLoader - Root WebApplicationContext: initialization completed in 302 ms
2020-01-29 18:16:05 [restartedMain] INFO  o.s.s.web.DefaultSecurityFilterChain - Creating filter chain: any request, [org.springframework.security.web.context.request.async.WebAsyncManagerIntegrationFilter@43038544, org.springframework.security.web.context.SecurityContextPersistenceFilter@4b348e70, org.springframework.security.web.header.HeaderWriterFilter@3a6f0cf9, org.springframework.security.web.authentication.logout.LogoutFilter@50ecde4c, com.biznovelty.gdicsms.filter.JwtRequestFilter@2e098749, org.springframework.security.web.savedrequest.RequestCacheAwareFilter@215fd05b, org.springframework.security.web.servletapi.SecurityContextHolderAwareRequestFilter@6315084d, org.springframework.security.web.authentication.AnonymousAuthenticationFilter@45c4c1ff, org.springframework.security.web.session.SessionManagementFilter@4b42f9fc, org.springframework.security.web.access.ExceptionTranslationFilter@62f11e0b, org.springframework.security.web.access.intercept.FilterSecurityInterceptor@169a6c72]
2020-01-29 18:16:05 [restartedMain] INFO  o.s.b.d.a.OptionalLiveReloadServer - LiveReload server is running on port 35729
2020-01-29 18:16:05 [restartedMain] INFO  o.s.b.w.e.tomcat.TomcatWebServer - Tomcat started on port(s): 8080 (http) with context path ''
2020-01-29 18:16:05 [restartedMain] INFO  c.b.gdicsms.GdicSmsApplication - Started GdicSmsApplication in 0.4 seconds (JVM running for 5064.586)
2020-01-29 18:16:05 [restartedMain] INFO  o.s.b.d.a.ConditionEvaluationDeltaLoggingListener - Condition evaluation unchanged
2020-01-29 18:16:20 [http-nio-8080-exec-2] INFO  o.a.c.c.C.[Tomcat].[localhost].[/] - Initializing Spring DispatcherServlet 'dispatcherServlet'
2020-01-29 18:16:20 [http-nio-8080-exec-2] INFO  o.s.web.servlet.DispatcherServlet - Initializing Servlet 'dispatcherServlet'
2020-01-29 18:16:20 [http-nio-8080-exec-2] INFO  o.s.web.servlet.DispatcherServlet - Completed initialization in 4 ms
2020-01-29 18:16:20 [http-nio-8080-exec-2] WARN  o.s.s.c.bcrypt.BCryptPasswordEncoder - Encoded password does not look like BCrypt
2020-01-29 18:16:34 [http-nio-8080-exec-4] WARN  o.s.s.c.bcrypt.BCryptPasswordEncoder - Encoded password does not look like BCrypt
2020-01-29 18:16:37 [http-nio-8080-exec-5] WARN  o.s.s.c.bcrypt.BCryptPasswordEncoder - Encoded password does not look like BCrypt
2020-01-29 18:16:39 [http-nio-8080-exec-7] WARN  o.s.s.c.bcrypt.BCryptPasswordEncoder - Encoded password does not look like BCrypt
2020-01-29 18:16:40 [http-nio-8080-exec-10] WARN  o.s.s.c.bcrypt.BCryptPasswordEncoder - Encoded password does not look like BCrypt
2020-01-29 18:21:40 [restartedMain] INFO  c.b.gdicsms.GdicSmsApplication - Starting GdicSmsApplication on DESKTOP-3IAH1IJ with PID 6304 (E:\project\gdic-sms\bin\main started by Office in E:\project\gdic-sms)
2020-01-29 18:21:40 [restartedMain] INFO  c.b.gdicsms.GdicSmsApplication - No active profile set, falling back to default profiles: default
2020-01-29 18:21:41 [restartedMain] INFO  o.s.b.w.e.tomcat.TomcatWebServer - Tomcat initialized with port(s): 8080 (http)
2020-01-29 18:21:41 [restartedMain] INFO  o.a.catalina.core.StandardService - Starting service [Tomcat]
2020-01-29 18:21:41 [restartedMain] INFO  o.a.catalina.core.StandardEngine - Starting Servlet engine: [Apache Tomcat/9.0.30]
2020-01-29 18:21:41 [restartedMain] INFO  o.a.c.c.C.[Tomcat].[localhost].[/] - Initializing Spring embedded WebApplicationContext
2020-01-29 18:21:41 [restartedMain] INFO  o.s.web.context.ContextLoader - Root WebApplicationContext: initialization completed in 739 ms
2020-01-29 18:21:41 [restartedMain] INFO  o.s.s.web.DefaultSecurityFilterChain - Creating filter chain: any request, [org.springframework.security.web.context.request.async.WebAsyncManagerIntegrationFilter@5889fcd5, org.springframework.security.web.context.SecurityContextPersistenceFilter@3f443ead, org.springframework.security.web.header.HeaderWriterFilter@44ae1f10, org.springframework.security.web.authentication.logout.LogoutFilter@2b3e1956, com.biznovelty.gdicsms.filter.JwtRequestFilter@17269100, org.springframework.security.web.savedrequest.RequestCacheAwareFilter@62e8703c, org.springframework.security.web.servletapi.SecurityContextHolderAwareRequestFilter@568aa5ee, org.springframework.security.web.authentication.AnonymousAuthenticationFilter@35794625, org.springframework.security.web.session.SessionManagementFilter@41c4479f, org.springframework.security.web.access.ExceptionTranslationFilter@44f33041, org.springframework.security.web.access.intercept.FilterSecurityInterceptor@55f345d7]
2020-01-29 18:21:41 [restartedMain] INFO  o.s.b.d.a.OptionalLiveReloadServer - LiveReload server is running on port 35729
2020-01-29 18:21:41 [restartedMain] INFO  o.s.b.w.e.tomcat.TomcatWebServer - Tomcat started on port(s): 8080 (http) with context path ''
2020-01-29 18:21:41 [restartedMain] INFO  c.b.gdicsms.GdicSmsApplication - Started GdicSmsApplication in 1.199 seconds (JVM running for 5401.049)
2020-01-29 18:21:41 [restartedMain] INFO  o.s.b.d.a.ConditionEvaluationDeltaLoggingListener - Condition evaluation unchanged
2020-01-29 18:21:49 [http-nio-8080-exec-1] INFO  o.a.c.c.C.[Tomcat].[localhost].[/] - Initializing Spring DispatcherServlet 'dispatcherServlet'
2020-01-29 18:21:49 [http-nio-8080-exec-1] INFO  o.s.web.servlet.DispatcherServlet - Initializing Servlet 'dispatcherServlet'
2020-01-29 18:21:49 [http-nio-8080-exec-1] INFO  o.s.web.servlet.DispatcherServlet - Completed initialization in 0 ms
2020-01-29 18:21:50 [http-nio-8080-exec-1] INFO  c.b.gdicsms.smsresource.SmsResource - eyJhbGciOiJIUzI1NiJ9.eyJzdWIiOiJnZGljIiwiaWF0IjoxNTgwMzAwNTEwLCJleHAiOjE1ODAzMDExMTB9.J6uBJQ3-umSlzSOZ5CLIL19fpehQb6DoHynWZJelT_s
2020-01-29 18:21:57 [http-nio-8080-exec-3] INFO  c.b.gdicsms.smsresource.SmsResource - eyJhbGciOiJIUzI1NiJ9.eyJzdWIiOiJnZGljIiwiaWF0IjoxNTgwMzAwNTE3LCJleHAiOjE1ODAzMDExMTd9.DVfl3QP0BM6yg8pLETP6QNBTBOOkQXplt4mhQDL5Zjw
2020-01-29 18:22:22 [restartedMain] INFO  c.b.gdicsms.GdicSmsApplication - Starting GdicSmsApplication on DESKTOP-3IAH1IJ with PID 6304 (E:\project\gdic-sms\bin\main started by Office in E:\project\gdic-sms)
2020-01-29 18:22:22 [restartedMain] INFO  c.b.gdicsms.GdicSmsApplication - No active profile set, falling back to default profiles: default
2020-01-29 18:22:22 [restartedMain] INFO  o.s.b.w.e.tomcat.TomcatWebServer - Tomcat initialized with port(s): 8080 (http)
2020-01-29 18:22:22 [restartedMain] INFO  o.a.catalina.core.StandardService - Starting service [Tomcat]
2020-01-29 18:22:22 [restartedMain] INFO  o.a.catalina.core.StandardEngine - Starting Servlet engine: [Apache Tomcat/9.0.30]
2020-01-29 18:22:22 [restartedMain] INFO  o.a.c.c.C.[Tomcat].[localhost].[/] - Initializing Spring embedded WebApplicationContext
2020-01-29 18:22:22 [restartedMain] INFO  o.s.web.context.ContextLoader - Root WebApplicationContext: initialization completed in 205 ms
2020-01-29 18:22:22 [restartedMain] INFO  o.s.s.web.DefaultSecurityFilterChain - Creating filter chain: any request, [org.springframework.security.web.context.request.async.WebAsyncManagerIntegrationFilter@25285e30, org.springframework.security.web.context.SecurityContextPersistenceFilter@1b40eaef, org.springframework.security.web.header.HeaderWriterFilter@4ad44839, org.springframework.security.web.authentication.logout.LogoutFilter@65879126, com.biznovelty.gdicsms.filter.JwtRequestFilter@1858d40c, org.springframework.security.web.savedrequest.RequestCacheAwareFilter@70bb68b7, org.springframework.security.web.servletapi.SecurityContextHolderAwareRequestFilter@18467319, org.springframework.security.web.authentication.AnonymousAuthenticationFilter@130b6026, org.springframework.security.web.session.SessionManagementFilter@11ee08bb, org.springframework.security.web.access.ExceptionTranslationFilter@35d09b1, org.springframework.security.web.access.intercept.FilterSecurityInterceptor@7ea88deb]
2020-01-29 18:22:22 [restartedMain] INFO  o.s.b.d.a.OptionalLiveReloadServer - LiveReload server is running on port 35729
2020-01-29 18:22:22 [restartedMain] INFO  o.s.b.w.e.tomcat.TomcatWebServer - Tomcat started on port(s): 8080 (http) with context path ''
2020-01-29 18:22:22 [restartedMain] INFO  c.b.gdicsms.GdicSmsApplication - Started GdicSmsApplication in 0.319 seconds (JVM running for 5442.321)
2020-01-29 18:22:22 [restartedMain] INFO  o.s.b.d.a.ConditionEvaluationDeltaLoggingListener - Condition evaluation unchanged
2020-01-29 18:22:33 [restartedMain] INFO  c.b.gdicsms.GdicSmsApplication - Starting GdicSmsApplication on DESKTOP-3IAH1IJ with PID 6304 (E:\project\gdic-sms\bin\main started by Office in E:\project\gdic-sms)
2020-01-29 18:22:33 [restartedMain] INFO  c.b.gdicsms.GdicSmsApplication - No active profile set, falling back to default profiles: default
2020-01-29 18:22:33 [restartedMain] INFO  o.s.b.w.e.tomcat.TomcatWebServer - Tomcat initialized with port(s): 8080 (http)
2020-01-29 18:22:33 [restartedMain] INFO  o.a.catalina.core.StandardService - Starting service [Tomcat]
2020-01-29 18:22:33 [restartedMain] INFO  o.a.catalina.core.StandardEngine - Starting Servlet engine: [Apache Tomcat/9.0.30]
2020-01-29 18:22:33 [restartedMain] INFO  o.a.c.c.C.[Tomcat].[localhost].[/] - Initializing Spring embedded WebApplicationContext
2020-01-29 18:22:33 [restartedMain] INFO  o.s.web.context.ContextLoader - Root WebApplicationContext: initialization completed in 318 ms
2020-01-29 18:22:33 [restartedMain] INFO  o.s.s.web.DefaultSecurityFilterChain - Creating filter chain: any request, [org.springframework.security.web.context.request.async.WebAsyncManagerIntegrationFilter@3d9a0c85, org.springframework.security.web.context.SecurityContextPersistenceFilter@70f80041, org.springframework.security.web.header.HeaderWriterFilter@db68643, org.springframework.security.web.authentication.logout.LogoutFilter@7e3e9e57, com.biznovelty.gdicsms.filter.JwtRequestFilter@2ed88d32, org.springframework.security.web.savedrequest.RequestCacheAwareFilter@8cbd230, org.springframework.security.web.servletapi.SecurityContextHolderAwareRequestFilter@3176c9f4, org.springframework.security.web.authentication.AnonymousAuthenticationFilter@208d0f95, org.springframework.security.web.session.SessionManagementFilter@66032fdd, org.springframework.security.web.access.ExceptionTranslationFilter@7ab04f69, org.springframework.security.web.access.intercept.FilterSecurityInterceptor@743c69ef]
2020-01-29 18:22:33 [restartedMain] INFO  o.s.b.d.a.OptionalLiveReloadServer - LiveReload server is running on port 35729
2020-01-29 18:22:33 [restartedMain] INFO  o.s.b.w.e.tomcat.TomcatWebServer - Tomcat started on port(s): 8080 (http) with context path ''
2020-01-29 18:22:33 [restartedMain] INFO  c.b.gdicsms.GdicSmsApplication - Started GdicSmsApplication in 0.406 seconds (JVM running for 5453.374)
2020-01-29 18:22:33 [restartedMain] INFO  o.s.b.d.a.ConditionEvaluationDeltaLoggingListener - Condition evaluation unchanged
2020-01-29 18:25:24 [RMI TCP Connection(2)-127.0.0.1] INFO  o.s.b.a.SpringApplicationAdminMXBeanRegistrar$SpringApplicationAdmin - Application shutdown requested.
